2017-04-24 19:27:44.735  INFO 11428 --- [main] social.Application                       : Starting Application on EPUAKYIW1236 with PID 11428 (C:\Users\Illya_Ivanina\workspace\epam-tkm-psql-json\target\classes started by Illya_Ivanina in C:\Users\Illya_Ivanina\workspace\epam-tkm-psql-json)
2017-04-24 19:27:44.738  INFO 11428 --- [main] social.Application                       : No active profile set, falling back to default profiles: default
2017-04-24 19:27:44.794  INFO 11428 --- [main] ationConfigEmbeddedWebApplicationContext : Refreshing org.springframework.boot.context.embedded.AnnotationConfigEmbeddedWebApplicationContext@1be2019a: startup date [Mon Apr 24 19:27:44 EEST 2017]; root of context hierarchy
2017-04-24 19:27:45.790  INFO 11428 --- [main] f.a.AutowiredAnnotationBeanPostProcessor : JSR-330 'javax.inject.Inject' annotation found and supported for autowiring
2017-04-24 19:27:45.897  INFO 11428 --- [main] trationDelegate$BeanPostProcessorChecker : Bean 'org.springframework.transaction.annotation.ProxyTransactionManagementConfiguration' of type [class org.springframework.transaction.annotation.ProxyTransactionManagementConfiguration$$EnhancerBySpringCGLIB$$f8d57139] is not eligible for getting processed by all BeanPostProcessors (for example: not eligible for auto-proxying)
2017-04-24 19:27:46.291  INFO 11428 --- [main] s.b.c.e.t.TomcatEmbeddedServletContainer : Tomcat initialized with port(s): 8080 (http)
2017-04-24 19:27:46.299  INFO 11428 --- [main] o.apache.catalina.core.StandardService   : Starting service Tomcat
2017-04-24 19:27:46.300  INFO 11428 --- [main] org.apache.catalina.core.StandardEngine  : Starting Servlet Engine: Apache Tomcat/8.5.6
2017-04-24 19:27:46.402  INFO 11428 --- [localhost-startStop-1] o.a.c.c.C.[Tomcat].[localhost].[/]       : Initializing Spring embedded WebApplicationContext
2017-04-24 19:27:46.403  INFO 11428 --- [localhost-startStop-1] o.s.web.context.ContextLoader            : Root WebApplicationContext: initialization completed in 1611 ms
2017-04-24 19:27:46.594  INFO 11428 --- [localhost-startStop-1] o.s.b.w.servlet.FilterRegistrationBean   : Mapping filter: 'characterEncodingFilter' to: [/*]
2017-04-24 19:27:46.595  INFO 11428 --- [localhost-startStop-1] o.s.b.w.servlet.FilterRegistrationBean   : Mapping filter: 'hiddenHttpMethodFilter' to: [/*]
2017-04-24 19:27:46.595  INFO 11428 --- [localhost-startStop-1] o.s.b.w.servlet.FilterRegistrationBean   : Mapping filter: 'httpPutFormContentFilter' to: [/*]
2017-04-24 19:27:46.595  INFO 11428 --- [localhost-startStop-1] o.s.b.w.servlet.FilterRegistrationBean   : Mapping filter: 'requestContextFilter' to: [/*]
2017-04-24 19:27:46.596  INFO 11428 --- [localhost-startStop-1] .s.DelegatingFilterProxyRegistrationBean : Mapping filter: 'springSecurityFilterChain' to: [/*]
2017-04-24 19:27:46.596  INFO 11428 --- [localhost-startStop-1] o.s.b.w.servlet.ServletRegistrationBean  : Mapping servlet: 'dispatcherServlet' to [/]
2017-04-24 19:27:46.912  INFO 11428 --- [main] j.LocalContainerEntityManagerFactoryBean : Building JPA container EntityManagerFactory for persistence unit 'default'
2017-04-24 19:27:46.922  INFO 11428 --- [main] o.hibernate.jpa.internal.util.LogHelper  : HHH000204: Processing PersistenceUnitInfo [
	name: default
	...]
2017-04-24 19:27:46.975  INFO 11428 --- [main] org.hibernate.Version                    : HHH000412: Hibernate Core {5.0.11.Final}
2017-04-24 19:27:46.976  INFO 11428 --- [main] org.hibernate.cfg.Environment            : HHH000206: hibernate.properties not found
2017-04-24 19:27:46.978  INFO 11428 --- [main] org.hibernate.cfg.Environment            : HHH000021: Bytecode provider name : javassist
2017-04-24 19:27:47.014  INFO 11428 --- [main] o.hibernate.annotations.common.Version   : HCANN000001: Hibernate Commons Annotations {5.0.1.Final}
2017-04-24 19:27:47.114  INFO 11428 --- [main] org.hibernate.dialect.Dialect            : HHH000400: Using dialect: org.hibernate.dialect.PostgreSQLDialect
2017-04-24 19:27:47.299  INFO 11428 --- [main] o.h.e.j.e.i.LobCreatorBuilderImpl        : HHH000424: Disabling contextual LOB creation as createClob() method threw error : java.lang.reflect.InvocationTargetException
2017-04-24 19:27:47.301  INFO 11428 --- [main] org.hibernate.type.BasicTypeRegistry     : HHH000270: Type registration [java.util.UUID] overrides previous : org.hibernate.type.UUIDBinaryType@35d7386b
2017-04-24 19:27:47.415  WARN 11428 --- [main] org.hibernate.orm.deprecation            : HHH90000014: Found use of deprecated [org.hibernate.id.SequenceHiLoGenerator] sequence-based id generator; use org.hibernate.id.enhanced.SequenceStyleGenerator instead.  See Hibernate Domain Model Mapping Guide for details.
2017-04-24 19:27:47.684  INFO 11428 --- [main] j.LocalContainerEntityManagerFactoryBean : Initialized JPA EntityManagerFactory for persistence unit 'default'
2017-04-24 19:27:48.241  INFO 11428 --- [main] b.a.s.AuthenticationManagerConfiguration : 

Using default security password: fe61eaf1-4b09-4eeb-a29d-c36a53463366

2017-04-24 19:27:48.331  INFO 11428 --- [main] o.s.s.web.DefaultSecurityFilterChain     : Creating filter chain: org.springframework.security.web.util.matcher.AnyRequestMatcher@1, [org.springframework.security.web.context.request.async.WebAsyncManagerIntegrationFilter@8d5da7e, org.springframework.security.web.context.SecurityContextPersistenceFilter@46b21632, org.springframework.security.web.header.HeaderWriterFilter@1e7d3d87, org.springframework.security.web.authentication.logout.LogoutFilter@6f6f65a4, org.springframework.security.web.savedrequest.RequestCacheAwareFilter@79144d0e, org.springframework.security.web.servletapi.SecurityContextHolderAwareRequestFilter@1c62d2ad, org.springframework.security.web.authentication.AnonymousAuthenticationFilter@65a4b9d6, org.springframework.security.web.session.SessionManagementFilter@2842c098, org.springframework.security.web.access.ExceptionTranslationFilter@417446d9]
2017-04-24 19:27:48.442  INFO 11428 --- [main] s.w.s.m.m.a.RequestMappingHandlerAdapter : Looking for @ControllerAdvice: org.springframework.boot.context.embedded.AnnotationConfigEmbeddedWebApplicationContext@1be2019a: startup date [Mon Apr 24 19:27:44 EEST 2017]; root of context hierarchy
2017-04-24 19:27:48.503  INFO 11428 --- [main] s.w.s.m.m.a.RequestMappingHandlerMapping : Mapped "{[/api/fb/authentication],methods=[GET]}" onto social.entity.domain.FbUser social.controller.FbAuthenticationController.getCurrentFbUser()
2017-04-24 19:27:48.508  INFO 11428 --- [main] s.w.s.m.m.a.RequestMappingHandlerMapping : Mapped "{[/connect/{providerId}],methods=[POST]}" onto public org.springframework.web.servlet.view.RedirectView org.springframework.social.connect.web.ConnectController.connect(java.lang.String,org.springframework.web.context.request.NativeWebRequest)
2017-04-24 19:27:48.509  INFO 11428 --- [main] s.w.s.m.m.a.RequestMappingHandlerMapping : Mapped "{[/connect/{providerId}],methods=[DELETE]}" onto public org.springframework.web.servlet.view.RedirectView org.springframework.social.connect.web.ConnectController.removeConnections(java.lang.String,org.springframework.web.context.request.NativeWebRequest)
2017-04-24 19:27:48.509  INFO 11428 --- [main] s.w.s.m.m.a.RequestMappingHandlerMapping : Mapped "{[/connect/{providerId}/{providerUserId}],methods=[DELETE]}" onto public org.springframework.web.servlet.view.RedirectView org.springframework.social.connect.web.ConnectController.removeConnection(java.lang.String,java.lang.String,org.springframework.web.context.request.NativeWebRequest)
2017-04-24 19:27:48.509  INFO 11428 --- [main] s.w.s.m.m.a.RequestMappingHandlerMapping : Mapped "{[/connect/{providerId}],methods=[GET],params=[code]}" onto public org.springframework.web.servlet.view.RedirectView org.springframework.social.connect.web.ConnectController.oauth2Callback(java.lang.String,org.springframework.web.context.request.NativeWebRequest)
2017-04-24 19:27:48.509  INFO 11428 --- [main] s.w.s.m.m.a.RequestMappingHandlerMapping : Mapped "{[/connect/{providerId}],methods=[GET],params=[oauth_token]}" onto public org.springframework.web.servlet.view.RedirectView org.springframework.social.connect.web.ConnectController.oauth1Callback(java.lang.String,org.springframework.web.context.request.NativeWebRequest)
2017-04-24 19:27:48.510  INFO 11428 --- [main] s.w.s.m.m.a.RequestMappingHandlerMapping : Mapped "{[/connect],methods=[GET]}" onto public java.lang.String org.springframework.social.connect.web.ConnectController.connectionStatus(org.springframework.web.context.request.NativeWebRequest,org.springframework.ui.Model)
2017-04-24 19:27:48.510  INFO 11428 --- [main] s.w.s.m.m.a.RequestMappingHandlerMapping : Mapped "{[/connect/{providerId}],methods=[GET]}" onto public java.lang.String org.springframework.social.connect.web.ConnectController.connectionStatus(java.lang.String,org.springframework.web.context.request.NativeWebRequest,org.springframework.ui.Model)
2017-04-24 19:27:48.510  INFO 11428 --- [main] s.w.s.m.m.a.RequestMappingHandlerMapping : Mapped "{[/connect/{providerId}],methods=[GET],params=[error]}" onto public org.springframework.web.servlet.view.RedirectView org.springframework.social.connect.web.ConnectController.oauth2ErrorCallback(java.lang.String,java.lang.String,java.lang.String,java.lang.String,org.springframework.web.context.request.NativeWebRequest)
2017-04-24 19:27:48.512  INFO 11428 --- [main] s.w.s.m.m.a.RequestMappingHandlerMapping : Mapped "{[/api/users],methods=[GET]}" onto public social.model.UserProfile social.controller.UserResource.getCurrentUserProfile()
2017-04-24 19:27:48.516  INFO 11428 --- [main] s.w.s.m.m.a.RequestMappingHandlerMapping : Mapped "{[/error]}" onto public org.springframework.http.ResponseEntity<java.util.Map<java.lang.String, java.lang.Object>> org.springframework.boot.autoconfigure.web.BasicErrorController.error(javax.servlet.http.HttpServletRequest)
2017-04-24 19:27:48.517  INFO 11428 --- [main] s.w.s.m.m.a.RequestMappingHandlerMapping : Mapped "{[/error],produces=[text/html]}" onto public org.springframework.web.servlet.ModelAndView org.springframework.boot.autoconfigure.web.BasicErrorController.errorHtml(javax.servlet.http.HttpServletRequest,javax.servlet.http.HttpServletResponse)
2017-04-24 19:27:48.553  INFO 11428 --- [main] o.s.w.s.handler.SimpleUrlHandlerMapping  : Mapped URL path [/webjars/**] onto handler of type [class org.springframework.web.servlet.resource.ResourceHttpRequestHandler]
2017-04-24 19:27:48.553  INFO 11428 --- [main] o.s.w.s.handler.SimpleUrlHandlerMapping  : Mapped URL path [/**] onto handler of type [class org.springframework.web.servlet.resource.ResourceHttpRequestHandler]
2017-04-24 19:27:48.598  INFO 11428 --- [main] o.s.w.s.handler.SimpleUrlHandlerMapping  : Mapped URL path [/**/favicon.ico] onto handler of type [class org.springframework.web.servlet.resource.ResourceHttpRequestHandler]
2017-04-24 19:27:48.620  INFO 11428 --- [main] oConfiguration$WelcomePageHandlerMapping : Adding welcome page: class path resource [static/index.html]
2017-04-24 19:27:48.960  INFO 11428 --- [main] o.s.j.e.a.AnnotationMBeanExporter        : Registering beans for JMX exposure on startup
2017-04-24 19:27:49.004  INFO 11428 --- [main] s.b.c.e.t.TomcatEmbeddedServletContainer : Tomcat started on port(s): 8080 (http)
2017-04-24 19:27:49.008  INFO 11428 --- [main] social.Application                       : Started Application in 4.591 seconds (JVM running for 5.198)
2017-04-24 19:27:57.843  INFO 11428 --- [http-nio-8080-exec-1] o.a.c.c.C.[Tomcat].[localhost].[/]       : Initializing Spring FrameworkServlet 'dispatcherServlet'
2017-04-24 19:27:57.843  INFO 11428 --- [http-nio-8080-exec-1] o.s.web.servlet.DispatcherServlet        : FrameworkServlet 'dispatcherServlet': initialization started
2017-04-24 19:27:57.863  INFO 11428 --- [http-nio-8080-exec-1] o.s.web.servlet.DispatcherServlet        : FrameworkServlet 'dispatcherServlet': initialization completed in 20 ms
2017-04-24 19:31:06.483  INFO 1260 --- [main] social.Application                       : Starting Application on EPUAKYIW1236 with PID 1260 (C:\Users\Illya_Ivanina\workspace\epam-tkm-psql-json\target\classes started by Illya_Ivanina in C:\Users\Illya_Ivanina\workspace\epam-tkm-psql-json)
2017-04-24 19:31:06.486  INFO 1260 --- [main] social.Application                       : No active profile set, falling back to default profiles: default
2017-04-24 19:31:06.557  INFO 1260 --- [main] ationConfigEmbeddedWebApplicationContext : Refreshing org.springframework.boot.context.embedded.AnnotationConfigEmbeddedWebApplicationContext@1be2019a: startup date [Mon Apr 24 19:31:06 EEST 2017]; root of context hierarchy
2017-04-24 19:31:07.743  INFO 1260 --- [main] f.a.AutowiredAnnotationBeanPostProcessor : JSR-330 'javax.inject.Inject' annotation found and supported for autowiring
2017-04-24 19:31:07.851  INFO 1260 --- [main] trationDelegate$BeanPostProcessorChecker : Bean 'org.springframework.transaction.annotation.ProxyTransactionManagementConfiguration' of type [class org.springframework.transaction.annotation.ProxyTransactionManagementConfiguration$$EnhancerBySpringCGLIB$$3d44b5b5] is not eligible for getting processed by all BeanPostProcessors (for example: not eligible for auto-proxying)
2017-04-24 19:31:08.236  INFO 1260 --- [main] s.b.c.e.t.TomcatEmbeddedServletContainer : Tomcat initialized with port(s): 8080 (http)
2017-04-24 19:31:08.243  INFO 1260 --- [main] o.apache.catalina.core.StandardService   : Starting service Tomcat
2017-04-24 19:31:08.244  INFO 1260 --- [main] org.apache.catalina.core.StandardEngine  : Starting Servlet Engine: Apache Tomcat/8.5.6
2017-04-24 19:31:08.355  INFO 1260 --- [localhost-startStop-1] o.a.c.c.C.[Tomcat].[localhost].[/]       : Initializing Spring embedded WebApplicationContext
2017-04-24 19:31:08.356  INFO 1260 --- [localhost-startStop-1] o.s.web.context.ContextLoader            : Root WebApplicationContext: initialization completed in 1802 ms
2017-04-24 19:31:08.535  INFO 1260 --- [localhost-startStop-1] o.s.b.w.servlet.FilterRegistrationBean   : Mapping filter: 'characterEncodingFilter' to: [/*]
2017-04-24 19:31:08.535  INFO 1260 --- [localhost-startStop-1] o.s.b.w.servlet.FilterRegistrationBean   : Mapping filter: 'hiddenHttpMethodFilter' to: [/*]
2017-04-24 19:31:08.536  INFO 1260 --- [localhost-startStop-1] o.s.b.w.servlet.FilterRegistrationBean   : Mapping filter: 'httpPutFormContentFilter' to: [/*]
2017-04-24 19:31:08.536  INFO 1260 --- [localhost-startStop-1] o.s.b.w.servlet.FilterRegistrationBean   : Mapping filter: 'requestContextFilter' to: [/*]
2017-04-24 19:31:08.537  INFO 1260 --- [localhost-startStop-1] .s.DelegatingFilterProxyRegistrationBean : Mapping filter: 'springSecurityFilterChain' to: [/*]
2017-04-24 19:31:08.537  INFO 1260 --- [localhost-startStop-1] o.s.b.w.servlet.ServletRegistrationBean  : Mapping servlet: 'dispatcherServlet' to [/]
2017-04-24 19:31:08.846  INFO 1260 --- [main] j.LocalContainerEntityManagerFactoryBean : Building JPA container EntityManagerFactory for persistence unit 'default'
2017-04-24 19:31:08.857  INFO 1260 --- [main] o.hibernate.jpa.internal.util.LogHelper  : HHH000204: Processing PersistenceUnitInfo [
	name: default
	...]
2017-04-24 19:31:08.912  INFO 1260 --- [main] org.hibernate.Version                    : HHH000412: Hibernate Core {5.0.11.Final}
2017-04-24 19:31:08.914  INFO 1260 --- [main] org.hibernate.cfg.Environment            : HHH000206: hibernate.properties not found
2017-04-24 19:31:08.915  INFO 1260 --- [main] org.hibernate.cfg.Environment            : HHH000021: Bytecode provider name : javassist
2017-04-24 19:31:08.952  INFO 1260 --- [main] o.hibernate.annotations.common.Version   : HCANN000001: Hibernate Commons Annotations {5.0.1.Final}
2017-04-24 19:31:09.045  INFO 1260 --- [main] org.hibernate.dialect.Dialect            : HHH000400: Using dialect: org.hibernate.dialect.PostgreSQLDialect
2017-04-24 19:31:09.217  INFO 1260 --- [main] o.h.e.j.e.i.LobCreatorBuilderImpl        : HHH000424: Disabling contextual LOB creation as createClob() method threw error : java.lang.reflect.InvocationTargetException
2017-04-24 19:31:09.219  INFO 1260 --- [main] org.hibernate.type.BasicTypeRegistry     : HHH000270: Type registration [java.util.UUID] overrides previous : org.hibernate.type.UUIDBinaryType@6682e6a5
2017-04-24 19:31:09.320  WARN 1260 --- [main] org.hibernate.orm.deprecation            : HHH90000014: Found use of deprecated [org.hibernate.id.SequenceHiLoGenerator] sequence-based id generator; use org.hibernate.id.enhanced.SequenceStyleGenerator instead.  See Hibernate Domain Model Mapping Guide for details.
2017-04-24 19:31:09.596  INFO 1260 --- [main] j.LocalContainerEntityManagerFactoryBean : Initialized JPA EntityManagerFactory for persistence unit 'default'
2017-04-24 19:31:10.168  INFO 1260 --- [main] b.a.s.AuthenticationManagerConfiguration : 

Using default security password: f28e70bf-27e7-463f-b1f2-70c4aa9f8e59

2017-04-24 19:31:10.273  INFO 1260 --- [main] o.s.s.web.DefaultSecurityFilterChain     : Creating filter chain: org.springframework.security.web.util.matcher.AnyRequestMatcher@1, [org.springframework.security.web.context.request.async.WebAsyncManagerIntegrationFilter@227b9277, org.springframework.security.web.context.SecurityContextPersistenceFilter@12270a01, org.springframework.security.web.header.HeaderWriterFilter@424a152f, org.springframework.security.web.authentication.logout.LogoutFilter@1791e231, org.springframework.security.web.savedrequest.RequestCacheAwareFilter@646d58cd, org.springframework.security.web.servletapi.SecurityContextHolderAwareRequestFilter@148fca83, org.springframework.security.web.authentication.AnonymousAuthenticationFilter@4c4215d7, org.springframework.security.web.session.SessionManagementFilter@5649f55, org.springframework.security.web.access.ExceptionTranslationFilter@146833a2]
2017-04-24 19:31:10.397  INFO 1260 --- [main] s.w.s.m.m.a.RequestMappingHandlerAdapter : Looking for @ControllerAdvice: org.springframework.boot.context.embedded.AnnotationConfigEmbeddedWebApplicationContext@1be2019a: startup date [Mon Apr 24 19:31:06 EEST 2017]; root of context hierarchy
2017-04-24 19:31:10.458  INFO 1260 --- [main] s.w.s.m.m.a.RequestMappingHandlerMapping : Mapped "{[/api/fb/authentication],methods=[GET]}" onto social.entity.domain.FbUser social.controller.FbAuthenticationController.getCurrentFbUser()
2017-04-24 19:31:10.464  INFO 1260 --- [main] s.w.s.m.m.a.RequestMappingHandlerMapping : Mapped "{[/connect/{providerId}],methods=[POST]}" onto public org.springframework.web.servlet.view.RedirectView org.springframework.social.connect.web.ConnectController.connect(java.lang.String,org.springframework.web.context.request.NativeWebRequest)
2017-04-24 19:31:10.464  INFO 1260 --- [main] s.w.s.m.m.a.RequestMappingHandlerMapping : Mapped "{[/connect/{providerId}],methods=[DELETE]}" onto public org.springframework.web.servlet.view.RedirectView org.springframework.social.connect.web.ConnectController.removeConnections(java.lang.String,org.springframework.web.context.request.NativeWebRequest)
2017-04-24 19:31:10.464  INFO 1260 --- [main] s.w.s.m.m.a.RequestMappingHandlerMapping : Mapped "{[/connect/{providerId}],methods=[GET],params=[oauth_token]}" onto public org.springframework.web.servlet.view.RedirectView org.springframework.social.connect.web.ConnectController.oauth1Callback(java.lang.String,org.springframework.web.context.request.NativeWebRequest)
2017-04-24 19:31:10.464  INFO 1260 --- [main] s.w.s.m.m.a.RequestMappingHandlerMapping : Mapped "{[/connect],methods=[GET]}" onto public java.lang.String org.springframework.social.connect.web.ConnectController.connectionStatus(org.springframework.web.context.request.NativeWebRequest,org.springframework.ui.Model)
2017-04-24 19:31:10.465  INFO 1260 --- [main] s.w.s.m.m.a.RequestMappingHandlerMapping : Mapped "{[/connect/{providerId}],methods=[GET]}" onto public java.lang.String org.springframework.social.connect.web.ConnectController.connectionStatus(java.lang.String,org.springframework.web.context.request.NativeWebRequest,org.springframework.ui.Model)
2017-04-24 19:31:10.465  INFO 1260 --- [main] s.w.s.m.m.a.RequestMappingHandlerMapping : Mapped "{[/connect/{providerId}],methods=[GET],params=[code]}" onto public org.springframework.web.servlet.view.RedirectView org.springframework.social.connect.web.ConnectController.oauth2Callback(java.lang.String,org.springframework.web.context.request.NativeWebRequest)
2017-04-24 19:31:10.465  INFO 1260 --- [main] s.w.s.m.m.a.RequestMappingHandlerMapping : Mapped "{[/connect/{providerId}/{providerUserId}],methods=[DELETE]}" onto public org.springframework.web.servlet.view.RedirectView org.springframework.social.connect.web.ConnectController.removeConnection(java.lang.String,java.lang.String,org.springframework.web.context.request.NativeWebRequest)
2017-04-24 19:31:10.465  INFO 1260 --- [main] s.w.s.m.m.a.RequestMappingHandlerMapping : Mapped "{[/connect/{providerId}],methods=[GET],params=[error]}" onto public org.springframework.web.servlet.view.RedirectView org.springframework.social.connect.web.ConnectController.oauth2ErrorCallback(java.lang.String,java.lang.String,java.lang.String,java.lang.String,org.springframework.web.context.request.NativeWebRequest)
2017-04-24 19:31:10.466  INFO 1260 --- [main] s.w.s.m.m.a.RequestMappingHandlerMapping : Mapped "{[/api/users],methods=[GET]}" onto public social.model.UserProfile social.controller.UserResource.getCurrentUserProfile()
2017-04-24 19:31:10.470  INFO 1260 --- [main] s.w.s.m.m.a.RequestMappingHandlerMapping : Mapped "{[/error]}" onto public org.springframework.http.ResponseEntity<java.util.Map<java.lang.String, java.lang.Object>> org.springframework.boot.autoconfigure.web.BasicErrorController.error(javax.servlet.http.HttpServletRequest)
2017-04-24 19:31:10.470  INFO 1260 --- [main] s.w.s.m.m.a.RequestMappingHandlerMapping : Mapped "{[/error],produces=[text/html]}" onto public org.springframework.web.servlet.ModelAndView org.springframework.boot.autoconfigure.web.BasicErrorController.errorHtml(javax.servlet.http.HttpServletRequest,javax.servlet.http.HttpServletResponse)
2017-04-24 19:31:10.508  INFO 1260 --- [main] o.s.w.s.handler.SimpleUrlHandlerMapping  : Mapped URL path [/webjars/**] onto handler of type [class org.springframework.web.servlet.resource.ResourceHttpRequestHandler]
2017-04-24 19:31:10.508  INFO 1260 --- [main] o.s.w.s.handler.SimpleUrlHandlerMapping  : Mapped URL path [/**] onto handler of type [class org.springframework.web.servlet.resource.ResourceHttpRequestHandler]
2017-04-24 19:31:10.554  INFO 1260 --- [main] o.s.w.s.handler.SimpleUrlHandlerMapping  : Mapped URL path [/**/favicon.ico] onto handler of type [class org.springframework.web.servlet.resource.ResourceHttpRequestHandler]
2017-04-24 19:31:10.577  INFO 1260 --- [main] oConfiguration$WelcomePageHandlerMapping : Adding welcome page: class path resource [static/index.html]
2017-04-24 19:31:10.930  INFO 1260 --- [main] o.s.j.e.a.AnnotationMBeanExporter        : Registering beans for JMX exposure on startup
2017-04-24 19:31:10.982  INFO 1260 --- [main] s.b.c.e.t.TomcatEmbeddedServletContainer : Tomcat started on port(s): 8080 (http)
2017-04-24 19:31:10.986  INFO 1260 --- [main] social.Application                       : Started Application in 4.843 seconds (JVM running for 5.362)
2017-04-24 19:31:20.782  INFO 1260 --- [http-nio-8080-exec-1] o.a.c.c.C.[Tomcat].[localhost].[/]       : Initializing Spring FrameworkServlet 'dispatcherServlet'
2017-04-24 19:31:20.782  INFO 1260 --- [http-nio-8080-exec-1] o.s.web.servlet.DispatcherServlet        : FrameworkServlet 'dispatcherServlet': initialization started
2017-04-24 19:31:20.804  INFO 1260 --- [http-nio-8080-exec-1] o.s.web.servlet.DispatcherServlet        : FrameworkServlet 'dispatcherServlet': initialization completed in 21 ms
2017-04-24 19:31:21.070  WARN 1260 --- [http-nio-8080-exec-2] o.s.web.servlet.PageNotFound             : Request method 'POST' not supported
2017-04-24 19:31:23.418  WARN 1260 --- [http-nio-8080-exec-7] o.s.web.servlet.PageNotFound             : Request method 'POST' not supported
2017-04-24 19:31:35.124  INFO 1260 --- [http-nio-8080-exec-8] o.h.h.i.QueryTranslatorFactoryInitiator  : HHH000397: Using ASTQueryTranslatorFactory
